Copyright 1986-2015 Xilinx, Inc. All Rights Reserved.
---------------------------------------------------------------------------------------------------------------------------------------------------
| Tool Version : Vivado v.2015.4 (win64) Build 1412921 Wed Nov 18 09:43:45 MST 2015
| Date         : Thu Dec 12 01:03:27 2019
| Host         : DESKTOP-MAVLEB0 running 64-bit major release  (build 9200)
| Command      : report_timing_summary -warn_on_violation -max_paths 10 -file basys_timing_summary_routed.rpt -rpx basys_timing_summary_routed.rpx
| Design       : basys
| Device       : 7a35t-cpg236
| Speed File   : -1  PRODUCTION 1.14 2014-09-11
---------------------------------------------------------------------------------------------------------------------------------------------------

Timing Summary Report

------------------------------------------------------------------------------------------------
| Timer Settings
| --------------
------------------------------------------------------------------------------------------------

  Enable Multi Corner Analysis               :  Yes
  Enable Pessimism Removal                   :  Yes
  Pessimism Removal Resolution               :  Nearest Common Node
  Enable Input Delay Default Clock           :  No
  Enable Preset / Clear Arcs                 :  No
  Disable Flight Delays                      :  No
  Ignore I/O Paths                           :  No
  Timing Early Launch at Borrowing Latches   :  false

  Corner  Analyze    Analyze    
  Name    Max Paths  Min Paths  
  ------  ---------  ---------  
  Slow    Yes        Yes        
  Fast    Yes        Yes        



check_timing report

Table of Contents
-----------------
1. checking no_clock
2. checking constant_clock
3. checking pulse_width_clock
4. checking unconstrained_internal_endpoints
5. checking no_input_delay
6. checking no_output_delay
7. checking multiple_clock
8. checking generated_clocks
9. checking loops
10. checking partial_input_delay
11. checking partial_output_delay
12. checking latch_loops

1. checking no_clock
--------------------
 There are 33 register/latch pins with no clock driven by root clock pin: CLK (HIGH)

 There are 35 register/latch pins with no clock driven by root clock pin: RST (HIGH)

 There are 5 register/latch pins with no clock driven by root clock pin: DIV_/DIVout_reg/C (HIGH)

 There are 1720 register/latch pins with no clock driven by root clock pin: Fangdou_/temp1_reg/C (HIGH)

 There are 1720 register/latch pins with no clock driven by root clock pin: Fangdou_/temp2_reg/C (HIGH)

 There are 1720 register/latch pins with no clock driven by root clock pin: Fangdou_/temp3_reg/C (HIGH)

 There are 32 register/latch pins with no clock driven by root clock pin: Top_/ADR/out_reg[0]/C (HIGH)

 There are 32 register/latch pins with no clock driven by root clock pin: Top_/ADR/out_reg[10]/C (HIGH)

 There are 32 register/latch pins with no clock driven by root clock pin: Top_/ADR/out_reg[11]/C (HIGH)

 There are 32 register/latch pins with no clock driven by root clock pin: Top_/ADR/out_reg[12]/C (HIGH)

 There are 32 register/latch pins with no clock driven by root clock pin: Top_/ADR/out_reg[13]/C (HIGH)

 There are 32 register/latch pins with no clock driven by root clock pin: Top_/ADR/out_reg[14]/C (HIGH)

 There are 32 register/latch pins with no clock driven by root clock pin: Top_/ADR/out_reg[15]/C (HIGH)

 There are 32 register/latch pins with no clock driven by root clock pin: Top_/ADR/out_reg[16]/C (HIGH)

 There are 32 register/latch pins with no clock driven by root clock pin: Top_/ADR/out_reg[17]/C (HIGH)

 There are 32 register/latch pins with no clock driven by root clock pin: Top_/ADR/out_reg[18]/C (HIGH)

 There are 32 register/latch pins with no clock driven by root clock pin: Top_/ADR/out_reg[19]/C (HIGH)

 There are 32 register/latch pins with no clock driven by root clock pin: Top_/ADR/out_reg[1]/C (HIGH)

 There are 32 register/latch pins with no clock driven by root clock pin: Top_/ADR/out_reg[20]/C (HIGH)

 There are 32 register/latch pins with no clock driven by root clock pin: Top_/ADR/out_reg[21]/C (HIGH)

 There are 32 register/latch pins with no clock driven by root clock pin: Top_/ADR/out_reg[22]/C (HIGH)

 There are 32 register/latch pins with no clock driven by root clock pin: Top_/ADR/out_reg[23]/C (HIGH)

 There are 32 register/latch pins with no clock driven by root clock pin: Top_/ADR/out_reg[24]/C (HIGH)

 There are 32 register/latch pins with no clock driven by root clock pin: Top_/ADR/out_reg[25]/C (HIGH)

 There are 32 register/latch pins with no clock driven by root clock pin: Top_/ADR/out_reg[26]/C (HIGH)

 There are 32 register/latch pins with no clock driven by root clock pin: Top_/ADR/out_reg[27]/C (HIGH)

 There are 32 register/latch pins with no clock driven by root clock pin: Top_/ADR/out_reg[28]/C (HIGH)

 There are 32 register/latch pins with no clock driven by root clock pin: Top_/ADR/out_reg[29]/C (HIGH)

 There are 32 register/latch pins with no clock driven by root clock pin: Top_/ADR/out_reg[2]/C (HIGH)

 There are 32 register/latch pins with no clock driven by root clock pin: Top_/ADR/out_reg[30]/C (HIGH)

 There are 32 register/latch pins with no clock driven by root clock pin: Top_/ADR/out_reg[31]/C (HIGH)

 There are 32 register/latch pins with no clock driven by root clock pin: Top_/ADR/out_reg[3]/C (HIGH)

 There are 32 register/latch pins with no clock driven by root clock pin: Top_/ADR/out_reg[4]/C (HIGH)

 There are 32 register/latch pins with no clock driven by root clock pin: Top_/ADR/out_reg[5]/C (HIGH)

 There are 32 register/latch pins with no clock driven by root clock pin: Top_/ADR/out_reg[6]/C (HIGH)

 There are 32 register/latch pins with no clock driven by root clock pin: Top_/ADR/out_reg[7]/C (HIGH)

 There are 32 register/latch pins with no clock driven by root clock pin: Top_/ADR/out_reg[8]/C (HIGH)

 There are 32 register/latch pins with no clock driven by root clock pin: Top_/ADR/out_reg[9]/C (HIGH)

 There are 32 register/latch pins with no clock driven by root clock pin: Top_/BDR/out_reg[0]/C (HIGH)

 There are 32 register/latch pins with no clock driven by root clock pin: Top_/BDR/out_reg[10]/C (HIGH)

 There are 32 register/latch pins with no clock driven by root clock pin: Top_/BDR/out_reg[11]/C (HIGH)

 There are 32 register/latch pins with no clock driven by root clock pin: Top_/BDR/out_reg[12]/C (HIGH)

 There are 32 register/latch pins with no clock driven by root clock pin: Top_/BDR/out_reg[13]/C (HIGH)

 There are 32 register/latch pins with no clock driven by root clock pin: Top_/BDR/out_reg[14]/C (HIGH)

 There are 32 register/latch pins with no clock driven by root clock pin: Top_/BDR/out_reg[15]/C (HIGH)

 There are 32 register/latch pins with no clock driven by root clock pin: Top_/BDR/out_reg[16]/C (HIGH)

 There are 32 register/latch pins with no clock driven by root clock pin: Top_/BDR/out_reg[17]/C (HIGH)

 There are 32 register/latch pins with no clock driven by root clock pin: Top_/BDR/out_reg[18]/C (HIGH)

 There are 32 register/latch pins with no clock driven by root clock pin: Top_/BDR/out_reg[19]/C (HIGH)

 There are 32 register/latch pins with no clock driven by root clock pin: Top_/BDR/out_reg[1]/C (HIGH)

 There are 32 register/latch pins with no clock driven by root clock pin: Top_/BDR/out_reg[20]/C (HIGH)

 There are 32 register/latch pins with no clock driven by root clock pin: Top_/BDR/out_reg[21]/C (HIGH)

 There are 32 register/latch pins with no clock driven by root clock pin: Top_/BDR/out_reg[22]/C (HIGH)

 There are 32 register/latch pins with no clock driven by root clock pin: Top_/BDR/out_reg[23]/C (HIGH)

 There are 32 register/latch pins with no clock driven by root clock pin: Top_/BDR/out_reg[24]/C (HIGH)

 There are 32 register/latch pins with no clock driven by root clock pin: Top_/BDR/out_reg[25]/C (HIGH)

 There are 32 register/latch pins with no clock driven by root clock pin: Top_/BDR/out_reg[26]/C (HIGH)

 There are 32 register/latch pins with no clock driven by root clock pin: Top_/BDR/out_reg[27]/C (HIGH)

 There are 32 register/latch pins with no clock driven by root clock pin: Top_/BDR/out_reg[28]/C (HIGH)

 There are 32 register/latch pins with no clock driven by root clock pin: Top_/BDR/out_reg[29]/C (HIGH)

 There are 32 register/latch pins with no clock driven by root clock pin: Top_/BDR/out_reg[2]/C (HIGH)

 There are 32 register/latch pins with no clock driven by root clock pin: Top_/BDR/out_reg[30]/C (HIGH)

 There are 32 register/latch pins with no clock driven by root clock pin: Top_/BDR/out_reg[31]/C (HIGH)

 There are 32 register/latch pins with no clock driven by root clock pin: Top_/BDR/out_reg[3]/C (HIGH)

 There are 32 register/latch pins with no clock driven by root clock pin: Top_/BDR/out_reg[4]/C (HIGH)

 There are 32 register/latch pins with no clock driven by root clock pin: Top_/BDR/out_reg[5]/C (HIGH)

 There are 32 register/latch pins with no clock driven by root clock pin: Top_/BDR/out_reg[6]/C (HIGH)

 There are 32 register/latch pins with no clock driven by root clock pin: Top_/BDR/out_reg[7]/C (HIGH)

 There are 32 register/latch pins with no clock driven by root clock pin: Top_/BDR/out_reg[8]/C (HIGH)

 There are 32 register/latch pins with no clock driven by root clock pin: Top_/BDR/out_reg[9]/C (HIGH)

 There are 36 register/latch pins with no clock driven by root clock pin: Top_/IR_/IRout_reg[0]_C/C (HIGH)

 There are 36 register/latch pins with no clock driven by root clock pin: Top_/IR_/IRout_reg[0]_LDC/G (HIGH)

 There are 36 register/latch pins with no clock driven by root clock pin: Top_/IR_/IRout_reg[0]_P/C (HIGH)

 There are 32 register/latch pins with no clock driven by root clock pin: Top_/IR_/IRout_reg[10]_C/C (HIGH)

 There are 32 register/latch pins with no clock driven by root clock pin: Top_/IR_/IRout_reg[10]_LDC/G (HIGH)

 There are 32 register/latch pins with no clock driven by root clock pin: Top_/IR_/IRout_reg[10]_P/C (HIGH)

 There are 32 register/latch pins with no clock driven by root clock pin: Top_/IR_/IRout_reg[11]_C/C (HIGH)

 There are 32 register/latch pins with no clock driven by root clock pin: Top_/IR_/IRout_reg[11]_LDC/G (HIGH)

 There are 32 register/latch pins with no clock driven by root clock pin: Top_/IR_/IRout_reg[11]_P/C (HIGH)

 There are 32 register/latch pins with no clock driven by root clock pin: Top_/IR_/IRout_reg[12]_C/C (HIGH)

 There are 32 register/latch pins with no clock driven by root clock pin: Top_/IR_/IRout_reg[12]_LDC/G (HIGH)

 There are 32 register/latch pins with no clock driven by root clock pin: Top_/IR_/IRout_reg[12]_P/C (HIGH)

 There are 32 register/latch pins with no clock driven by root clock pin: Top_/IR_/IRout_reg[13]_C/C (HIGH)

 There are 32 register/latch pins with no clock driven by root clock pin: Top_/IR_/IRout_reg[13]_LDC/G (HIGH)

 There are 32 register/latch pins with no clock driven by root clock pin: Top_/IR_/IRout_reg[13]_P/C (HIGH)

 There are 32 register/latch pins with no clock driven by root clock pin: Top_/IR_/IRout_reg[14]_C/C (HIGH)

 There are 32 register/latch pins with no clock driven by root clock pin: Top_/IR_/IRout_reg[14]_LDC/G (HIGH)

 There are 32 register/latch pins with no clock driven by root clock pin: Top_/IR_/IRout_reg[14]_P/C (HIGH)

 There are 32 register/latch pins with no clock driven by root clock pin: Top_/IR_/IRout_reg[15]_C/C (HIGH)

 There are 32 register/latch pins with no clock driven by root clock pin: Top_/IR_/IRout_reg[15]_LDC/G (HIGH)

 There are 32 register/latch pins with no clock driven by root clock pin: Top_/IR_/IRout_reg[15]_P/C (HIGH)

 There are 36 register/latch pins with no clock driven by root clock pin: Top_/IR_/IRout_reg[1]_C/C (HIGH)

 There are 36 register/latch pins with no clock driven by root clock pin: Top_/IR_/IRout_reg[1]_LDC/G (HIGH)

 There are 36 register/latch pins with no clock driven by root clock pin: Top_/IR_/IRout_reg[1]_P/C (HIGH)

 There are 68 register/latch pins with no clock driven by root clock pin: Top_/IR_/IRout_reg[26]_C/C (HIGH)

 There are 68 register/latch pins with no clock driven by root clock pin: Top_/IR_/IRout_reg[26]_LDC/G (HIGH)

 There are 68 register/latch pins with no clock driven by root clock pin: Top_/IR_/IRout_reg[26]_P/C (HIGH)

 There are 68 register/latch pins with no clock driven by root clock pin: Top_/IR_/IRout_reg[27]_C/C (HIGH)

 There are 68 register/latch pins with no clock driven by root clock pin: Top_/IR_/IRout_reg[27]_LDC/G (HIGH)

 There are 68 register/latch pins with no clock driven by root clock pin: Top_/IR_/IRout_reg[27]_P/C (HIGH)

 There are 68 register/latch pins with no clock driven by root clock pin: Top_/IR_/IRout_reg[28]_C/C (HIGH)

 There are 68 register/latch pins with no clock driven by root clock pin: Top_/IR_/IRout_reg[28]_LDC/G (HIGH)

 There are 68 register/latch pins with no clock driven by root clock pin: Top_/IR_/IRout_reg[28]_P/C (HIGH)

 There are 68 register/latch pins with no clock driven by root clock pin: Top_/IR_/IRout_reg[29]_C/C (HIGH)

 There are 68 register/latch pins with no clock driven by root clock pin: Top_/IR_/IRout_reg[29]_LDC/G (HIGH)

 There are 68 register/latch pins with no clock driven by root clock pin: Top_/IR_/IRout_reg[29]_P/C (HIGH)

 There are 36 register/latch pins with no clock driven by root clock pin: Top_/IR_/IRout_reg[2]_C/C (HIGH)

 There are 36 register/latch pins with no clock driven by root clock pin: Top_/IR_/IRout_reg[2]_LDC/G (HIGH)

 There are 36 register/latch pins with no clock driven by root clock pin: Top_/IR_/IRout_reg[2]_P/C (HIGH)

 There are 68 register/latch pins with no clock driven by root clock pin: Top_/IR_/IRout_reg[30]_C/C (HIGH)

 There are 68 register/latch pins with no clock driven by root clock pin: Top_/IR_/IRout_reg[30]_LDC/G (HIGH)

 There are 68 register/latch pins with no clock driven by root clock pin: Top_/IR_/IRout_reg[30]_P/C (HIGH)

 There are 68 register/latch pins with no clock driven by root clock pin: Top_/IR_/IRout_reg[31]_C/C (HIGH)

 There are 68 register/latch pins with no clock driven by root clock pin: Top_/IR_/IRout_reg[31]_LDC/G (HIGH)

 There are 68 register/latch pins with no clock driven by root clock pin: Top_/IR_/IRout_reg[31]_P/C (HIGH)

 There are 36 register/latch pins with no clock driven by root clock pin: Top_/IR_/IRout_reg[3]_C/C (HIGH)

 There are 36 register/latch pins with no clock driven by root clock pin: Top_/IR_/IRout_reg[3]_LDC/G (HIGH)

 There are 36 register/latch pins with no clock driven by root clock pin: Top_/IR_/IRout_reg[3]_P/C (HIGH)

 There are 36 register/latch pins with no clock driven by root clock pin: Top_/IR_/IRout_reg[4]_C/C (HIGH)

 There are 36 register/latch pins with no clock driven by root clock pin: Top_/IR_/IRout_reg[4]_LDC/G (HIGH)

 There are 36 register/latch pins with no clock driven by root clock pin: Top_/IR_/IRout_reg[4]_P/C (HIGH)

 There are 36 register/latch pins with no clock driven by root clock pin: Top_/IR_/IRout_reg[5]_C/C (HIGH)

 There are 36 register/latch pins with no clock driven by root clock pin: Top_/IR_/IRout_reg[5]_LDC/G (HIGH)

 There are 36 register/latch pins with no clock driven by root clock pin: Top_/IR_/IRout_reg[5]_P/C (HIGH)

 There are 32 register/latch pins with no clock driven by root clock pin: Top_/IR_/IRout_reg[6]_C/C (HIGH)

 There are 32 register/latch pins with no clock driven by root clock pin: Top_/IR_/IRout_reg[6]_LDC/G (HIGH)

 There are 32 register/latch pins with no clock driven by root clock pin: Top_/IR_/IRout_reg[6]_P/C (HIGH)

 There are 32 register/latch pins with no clock driven by root clock pin: Top_/IR_/IRout_reg[7]_C/C (HIGH)

 There are 32 register/latch pins with no clock driven by root clock pin: Top_/IR_/IRout_reg[7]_LDC/G (HIGH)

 There are 32 register/latch pins with no clock driven by root clock pin: Top_/IR_/IRout_reg[7]_P/C (HIGH)

 There are 32 register/latch pins with no clock driven by root clock pin: Top_/IR_/IRout_reg[8]_C/C (HIGH)

 There are 32 register/latch pins with no clock driven by root clock pin: Top_/IR_/IRout_reg[8]_LDC/G (HIGH)

 There are 32 register/latch pins with no clock driven by root clock pin: Top_/IR_/IRout_reg[8]_P/C (HIGH)

 There are 32 register/latch pins with no clock driven by root clock pin: Top_/IR_/IRout_reg[9]_C/C (HIGH)

 There are 32 register/latch pins with no clock driven by root clock pin: Top_/IR_/IRout_reg[9]_LDC/G (HIGH)

 There are 32 register/latch pins with no clock driven by root clock pin: Top_/IR_/IRout_reg[9]_P/C (HIGH)

 There are 32 register/latch pins with no clock driven by root clock pin: Top_/PC_/nextPC_reg[0]/C (HIGH)

 There are 32 register/latch pins with no clock driven by root clock pin: Top_/PC_/nextPC_reg[1]/C (HIGH)

 There are 32 register/latch pins with no clock driven by root clock pin: Top_/PC_/nextPC_reg[2]/C (HIGH)

 There are 32 register/latch pins with no clock driven by root clock pin: Top_/PC_/nextPC_reg[3]/C (HIGH)

 There are 32 register/latch pins with no clock driven by root clock pin: Top_/PC_/nextPC_reg[4]/C (HIGH)

 There are 32 register/latch pins with no clock driven by root clock pin: Top_/PC_/nextPC_reg[5]/C (HIGH)

 There are 32 register/latch pins with no clock driven by root clock pin: Top_/PC_/nextPC_reg[6]/C (HIGH)

 There are 32 register/latch pins with no clock driven by root clock pin: Top_/PC_/nextPC_reg[7]/C (HIGH)

 There are 35 register/latch pins with no clock driven by root clock pin: Top_/controlUnit_/state_reg[0]/C (HIGH)

 There are 35 register/latch pins with no clock driven by root clock pin: Top_/controlUnit_/state_reg[1]/C (HIGH)

 There are 35 register/latch pins with no clock driven by root clock pin: Top_/controlUnit_/state_reg[2]/C (HIGH)


2. checking constant_clock
--------------------------
 There are 0 register/latch pins with constant_clock.


3. checking pulse_width_clock
-----------------------------
 There are 0 register/latch pins which need pulse_width check


4. checking unconstrained_internal_endpoints
--------------------------------------------
 There are 4548 pins that are not constrained for maximum delay. (HIGH)

 There are 0 pins that are not constrained for maximum delay due to constant clock.


5. checking no_input_delay
--------------------------
 There are 2 input ports with no input delay specified. (HIGH)

 There are 0 input ports with no input delay but user has a false path constraint.


6. checking no_output_delay
---------------------------
 There are 16 ports with no output delay specified. (HIGH)

 There are 0 ports with no output delay but user has a false path constraint

 There are 0 ports with no output delay but with a timing clock defined on it or propagating through it


7. checking multiple_clock
--------------------------
 There are 0 register/latch pins with multiple clocks.


8. checking generated_clocks
----------------------------
 There are 0 generated clocks that are not connected to a clock source.


9. checking loops
-----------------
 There are 0 combinational loops in the design.


10. checking partial_input_delay
--------------------------------
 There are 0 input ports with partial input delay specified.


11. checking partial_output_delay
---------------------------------
 There are 0 ports with partial output delay specified.


12. checking latch_loops
------------------------
 There are 0 combinational latch loops in the design through latch input



------------------------------------------------------------------------------------------------
| Design Timing Summary
| ---------------------
------------------------------------------------------------------------------------------------

    WNS(ns)      TNS(ns)  TNS Failing Endpoints  TNS Total Endpoints      WHS(ns)      THS(ns)  THS Failing Endpoints  THS Total Endpoints     WPWS(ns)     TPWS(ns)  TPWS Failing Endpoints  TPWS Total Endpoints  
    -------      -------  ---------------------  -------------------      -------      -------  ---------------------  -------------------     --------     --------  ----------------------  --------------------  
         NA           NA                     NA                   NA           NA           NA                     NA                   NA           NA           NA                      NA                    NA  


There are no user specified timing constraints.


------------------------------------------------------------------------------------------------
| Clock Summary
| -------------
------------------------------------------------------------------------------------------------


------------------------------------------------------------------------------------------------
| Intra Clock Table
| -----------------
------------------------------------------------------------------------------------------------

Clock             WNS(ns)      TNS(ns)  TNS Failing Endpoints  TNS Total Endpoints      WHS(ns)      THS(ns)  THS Failing Endpoints  THS Total Endpoints     WPWS(ns)     TPWS(ns)  TPWS Failing Endpoints  TPWS Total Endpoints  
-----             -------      -------  ---------------------  -------------------      -------      -------  ---------------------  -------------------     --------     --------  ----------------------  --------------------  


------------------------------------------------------------------------------------------------
| Inter Clock Table
| -----------------
------------------------------------------------------------------------------------------------

From Clock    To Clock          WNS(ns)      TNS(ns)  TNS Failing Endpoints  TNS Total Endpoints      WHS(ns)      THS(ns)  THS Failing Endpoints  THS Total Endpoints  
----------    --------          -------      -------  ---------------------  -------------------      -------      -------  ---------------------  -------------------  


------------------------------------------------------------------------------------------------
| Other Path Groups Table
| -----------------------
------------------------------------------------------------------------------------------------

Path Group    From Clock    To Clock          WNS(ns)      TNS(ns)  TNS Failing Endpoints  TNS Total Endpoints      WHS(ns)      THS(ns)  THS Failing Endpoints  THS Total Endpoints  
----------    ----------    --------          -------      -------  ---------------------  -------------------      -------      -------  ---------------------  -------------------  


------------------------------------------------------------------------------------------------
| Timing Details
| --------------
------------------------------------------------------------------------------------------------


